<?xml version="1.0" encoding="UTF-8"?>
<testng-results skipped="0" failed="0" total="1" passed="1">
  <reporter-output>
  </reporter-output>
  <suite name="Default suite" duration-ms="26147" started-at="2017-06-15T06:37:59Z" finished-at="2017-06-15T06:38:25Z">
    <groups>
    </groups>
    <test name="Default test" duration-ms="26147" started-at="2017-06-15T06:37:59Z" finished-at="2017-06-15T06:38:25Z">
      <class name="test.test_art.AppTest">
        <test-method status="PASS" signature="testing_selenium()[pri:0, instance:test.test_art.AppTest@4b9e13df]" name="testing_selenium" duration-ms="26114" started-at="2017-06-15T12:07:59Z" finished-at="2017-06-15T12:08:25Z">
          <reporter-output>
          </reporter-output>
        </test-method> <!-- testing_selenium -->
      </class> <!-- test.test_art.AppTest -->
    </test> <!-- Default test -->
  </suite> <!-- Default suite -->
</testng-results>
