<?xml version="1.0" encoding="UTF-8"?>
<testng-results skipped="0" failed="0" total="1" passed="1">
  <reporter-output>
  </reporter-output>
  <suite name="Default suite" duration-ms="16861" started-at="2017-06-15T06:51:36Z" finished-at="2017-06-15T06:51:53Z">
    <groups>
    </groups>
    <test name="Default test" duration-ms="16861" started-at="2017-06-15T06:51:36Z" finished-at="2017-06-15T06:51:53Z">
      <class name="test.test_art.AppTest">
        <test-method status="PASS" signature="testing_selenium()[pri:0, instance:test.test_art.AppTest@4b9e13df]" name="testing_selenium" duration-ms="16841" started-at="2017-06-15T12:21:36Z" finished-at="2017-06-15T12:21:53Z">
          <reporter-output>
          </reporter-output>
        </test-method> <!-- testing_selenium -->
      </class> <!-- test.test_art.AppTest -->
    </test> <!-- Default test -->
  </suite> <!-- Default suite -->
</testng-results>
